<?xml version="1.0" encoding="UTF-8"?>
<testsuite xmlns:xsi="http://www.w3.org/2001/XMLSchema-instance" xsi:noNamespaceSchemaLocation="https://maven.apache.org/surefire/maven-surefire-plugin/xsd/surefire-test-report.xsd" name="com.jun.AppTest" time="0.045" tests="1" errors="0" skipped="0" failures="0">
  <properties>
    <property name="sun.desktop" value="windows"/>
    <property name="awt.toolkit" value="sun.awt.windows.WToolkit"/>
    <property name="file.encoding.pkg" value="sun.io"/>
    <property name="java.specification.version" value="1.8"/>
    <property name="sun.cpu.isalist" value="amd64"/>
    <property name="sun.jnu.encoding" value="GBK"/>
    <property name="java.class.path" value="D:\Java\idea\muke\muke\target\test-classes;D:\Java\idea\muke\muke\target\classes;F:\eclipsePHP\apache-maven-3.6.1\maven-repository\org\springframework\boot\spring-boot-starter-data-redis\2.1.3.RELEASE\spring-boot-starter-data-redis-2.1.3.RELEASE.jar;F:\eclipsePHP\apache-maven-3.6.1\maven-repository\org\springframework\boot\spring-boot-starter\2.1.5.RELEASE\spring-boot-starter-2.1.5.RELEASE.jar;F:\eclipsePHP\apache-maven-3.6.1\maven-repository\org\springframework\boot\spring-boot-starter-logging\2.1.5.RELEASE\spring-boot-starter-logging-2.1.5.RELEASE.jar;F:\eclipsePHP\apache-maven-3.6.1\maven-repository\ch\qos\logback\logback-classic\1.2.3\logback-classic-1.2.3.jar;F:\eclipsePHP\apache-maven-3.6.1\maven-repository\ch\qos\logback\logback-core\1.2.3\logback-core-1.2.3.jar;F:\eclipsePHP\apache-maven-3.6.1\maven-repository\org\apache\logging\log4j\log4j-to-slf4j\2.11.2\log4j-to-slf4j-2.11.2.jar;F:\eclipsePHP\apache-maven-3.6.1\maven-repository\org\apache\logging\log4j\log4j-api\2.11.2\log4j-api-2.11.2.jar;F:\eclipsePHP\apache-maven-3.6.1\maven-repository\org\slf4j\jul-to-slf4j\1.7.26\jul-to-slf4j-1.7.26.jar;F:\eclipsePHP\apache-maven-3.6.1\maven-repository\javax\annotation\javax.annotation-api\1.3.2\javax.annotation-api-1.3.2.jar;F:\eclipsePHP\apache-maven-3.6.1\maven-repository\org\springframework\spring-core\5.1.7.RELEASE\spring-core-5.1.7.RELEASE.jar;F:\eclipsePHP\apache-maven-3.6.1\maven-repository\org\springframework\spring-jcl\5.1.7.RELEASE\spring-jcl-5.1.7.RELEASE.jar;F:\eclipsePHP\apache-maven-3.6.1\maven-repository\org\yaml\snakeyaml\1.23\snakeyaml-1.23.jar;F:\eclipsePHP\apache-maven-3.6.1\maven-repository\org\springframework\data\spring-data-redis\2.1.8.RELEASE\spring-data-redis-2.1.8.RELEASE.jar;F:\eclipsePHP\apache-maven-3.6.1\maven-repository\org\springframework\data\spring-data-keyvalue\2.1.8.RELEASE\spring-data-keyvalue-2.1.8.RELEASE.jar;F:\eclipsePHP\apache-maven-3.6.1\maven-repository\org\springframework\data\spring-data-commons\2.1.8.RELEASE\spring-data-commons-2.1.8.RELEASE.jar;F:\eclipsePHP\apache-maven-3.6.1\maven-repository\org\springframework\spring-tx\5.1.7.RELEASE\spring-tx-5.1.7.RELEASE.jar;F:\eclipsePHP\apache-maven-3.6.1\maven-repository\org\springframework\spring-oxm\5.1.7.RELEASE\spring-oxm-5.1.7.RELEASE.jar;F:\eclipsePHP\apache-maven-3.6.1\maven-repository\org\springframework\spring-aop\5.1.7.RELEASE\spring-aop-5.1.7.RELEASE.jar;F:\eclipsePHP\apache-maven-3.6.1\maven-repository\org\springframework\spring-context-support\5.1.7.RELEASE\spring-context-support-5.1.7.RELEASE.jar;F:\eclipsePHP\apache-maven-3.6.1\maven-repository\org\slf4j\slf4j-api\1.7.26\slf4j-api-1.7.26.jar;F:\eclipsePHP\apache-maven-3.6.1\maven-repository\io\lettuce\lettuce-core\5.1.6.RELEASE\lettuce-core-5.1.6.RELEASE.jar;F:\eclipsePHP\apache-maven-3.6.1\maven-repository\io\netty\netty-common\4.1.36.Final\netty-common-4.1.36.Final.jar;F:\eclipsePHP\apache-maven-3.6.1\maven-repository\io\netty\netty-handler\4.1.36.Final\netty-handler-4.1.36.Final.jar;F:\eclipsePHP\apache-maven-3.6.1\maven-repository\io\netty\netty-buffer\4.1.36.Final\netty-buffer-4.1.36.Final.jar;F:\eclipsePHP\apache-maven-3.6.1\maven-repository\io\netty\netty-codec\4.1.36.Final\netty-codec-4.1.36.Final.jar;F:\eclipsePHP\apache-maven-3.6.1\maven-repository\io\netty\netty-transport\4.1.36.Final\netty-transport-4.1.36.Final.jar;F:\eclipsePHP\apache-maven-3.6.1\maven-repository\io\netty\netty-resolver\4.1.36.Final\netty-resolver-4.1.36.Final.jar;F:\eclipsePHP\apache-maven-3.6.1\maven-repository\io\projectreactor\reactor-core\3.2.9.RELEASE\reactor-core-3.2.9.RELEASE.jar;F:\eclipsePHP\apache-maven-3.6.1\maven-repository\org\reactivestreams\reactive-streams\1.0.2\reactive-streams-1.0.2.jar;F:\eclipsePHP\apache-maven-3.6.1\maven-repository\org\hibernate\validator\hibernate-validator\6.0.16.Final\hibernate-validator-6.0.16.Final.jar;F:\eclipsePHP\apache-maven-3.6.1\maven-repository\javax\validation\validation-api\2.0.1.Final\validation-api-2.0.1.Final.jar;F:\eclipsePHP\apache-maven-3.6.1\maven-repository\org\jboss\logging\jboss-logging\3.3.2.Final\jboss-logging-3.3.2.Final.jar;F:\eclipsePHP\apache-maven-3.6.1\maven-repository\com\fasterxml\classmate\1.4.0\classmate-1.4.0.jar;F:\eclipsePHP\apache-maven-3.6.1\maven-repository\org\springframework\boot\spring-boot-devtools\2.1.3.RELEASE\spring-boot-devtools-2.1.3.RELEASE.jar;F:\eclipsePHP\apache-maven-3.6.1\maven-repository\org\springframework\boot\spring-boot\2.1.5.RELEASE\spring-boot-2.1.5.RELEASE.jar;F:\eclipsePHP\apache-maven-3.6.1\maven-repository\org\springframework\spring-context\5.1.7.RELEASE\spring-context-5.1.7.RELEASE.jar;F:\eclipsePHP\apache-maven-3.6.1\maven-repository\org\springframework\boot\spring-boot-autoconfigure\2.1.5.RELEASE\spring-boot-autoconfigure-2.1.5.RELEASE.jar;F:\eclipsePHP\apache-maven-3.6.1\maven-repository\org\apache\commons\commons-lang3\3.7\commons-lang3-3.7.jar;F:\eclipsePHP\apache-maven-3.6.1\maven-repository\joda-time\joda-time\2.9.9\joda-time-2.9.9.jar;F:\eclipsePHP\apache-maven-3.6.1\maven-repository\org\springframework\boot\spring-boot-starter-thymeleaf\2.1.5.RELEASE\spring-boot-starter-thymeleaf-2.1.5.RELEASE.jar;F:\eclipsePHP\apache-maven-3.6.1\maven-repository\org\thymeleaf\thymeleaf-spring5\3.0.11.RELEASE\thymeleaf-spring5-3.0.11.RELEASE.jar;F:\eclipsePHP\apache-maven-3.6.1\maven-repository\org\thymeleaf\thymeleaf\3.0.11.RELEASE\thymeleaf-3.0.11.RELEASE.jar;F:\eclipsePHP\apache-maven-3.6.1\maven-repository\org\attoparser\attoparser\2.0.5.RELEASE\attoparser-2.0.5.RELEASE.jar;F:\eclipsePHP\apache-maven-3.6.1\maven-repository\org\unbescape\unbescape\1.1.6.RELEASE\unbescape-1.1.6.RELEASE.jar;F:\eclipsePHP\apache-maven-3.6.1\maven-repository\org\thymeleaf\extras\thymeleaf-extras-java8time\3.0.4.RELEASE\thymeleaf-extras-java8time-3.0.4.RELEASE.jar;F:\eclipsePHP\apache-maven-3.6.1\maven-repository\org\springframework\boot\spring-boot-starter-web\2.1.5.RELEASE\spring-boot-starter-web-2.1.5.RELEASE.jar;F:\eclipsePHP\apache-maven-3.6.1\maven-repository\org\springframework\boot\spring-boot-starter-json\2.1.5.RELEASE\spring-boot-starter-json-2.1.5.RELEASE.jar;F:\eclipsePHP\apache-maven-3.6.1\maven-repository\com\fasterxml\jackson\core\jackson-databind\2.9.8\jackson-databind-2.9.8.jar;F:\eclipsePHP\apache-maven-3.6.1\maven-repository\com\fasterxml\jackson\core\jackson-annotations\2.9.0\jackson-annotations-2.9.0.jar;F:\eclipsePHP\apache-maven-3.6.1\maven-repository\com\fasterxml\jackson\core\jackson-core\2.9.8\jackson-core-2.9.8.jar;F:\eclipsePHP\apache-maven-3.6.1\maven-repository\com\fasterxml\jackson\datatype\jackson-datatype-jdk8\2.9.8\jackson-datatype-jdk8-2.9.8.jar;F:\eclipsePHP\apache-maven-3.6.1\maven-repository\com\fasterxml\jackson\datatype\jackson-datatype-jsr310\2.9.8\jackson-datatype-jsr310-2.9.8.jar;F:\eclipsePHP\apache-maven-3.6.1\maven-repository\com\fasterxml\jackson\module\jackson-module-parameter-names\2.9.8\jackson-module-parameter-names-2.9.8.jar;F:\eclipsePHP\apache-maven-3.6.1\maven-repository\org\springframework\boot\spring-boot-starter-tomcat\2.1.5.RELEASE\spring-boot-starter-tomcat-2.1.5.RELEASE.jar;F:\eclipsePHP\apache-maven-3.6.1\maven-repository\org\apache\tomcat\embed\tomcat-embed-core\9.0.19\tomcat-embed-core-9.0.19.jar;F:\eclipsePHP\apache-maven-3.6.1\maven-repository\org\apache\tomcat\embed\tomcat-embed-el\9.0.19\tomcat-embed-el-9.0.19.jar;F:\eclipsePHP\apache-maven-3.6.1\maven-repository\org\apache\tomcat\embed\tomcat-embed-websocket\9.0.19\tomcat-embed-websocket-9.0.19.jar;F:\eclipsePHP\apache-maven-3.6.1\maven-repository\org\springframework\spring-web\5.1.7.RELEASE\spring-web-5.1.7.RELEASE.jar;F:\eclipsePHP\apache-maven-3.6.1\maven-repository\org\springframework\spring-beans\5.1.7.RELEASE\spring-beans-5.1.7.RELEASE.jar;F:\eclipsePHP\apache-maven-3.6.1\maven-repository\org\springframework\spring-webmvc\5.1.7.RELEASE\spring-webmvc-5.1.7.RELEASE.jar;F:\eclipsePHP\apache-maven-3.6.1\maven-repository\org\springframework\spring-expression\5.1.7.RELEASE\spring-expression-5.1.7.RELEASE.jar;F:\eclipsePHP\apache-maven-3.6.1\maven-repository\mysql\mysql-connector-java\5.1.41\mysql-connector-java-5.1.41.jar;F:\eclipsePHP\apache-maven-3.6.1\maven-repository\com\alibaba\druid\1.1.3\druid-1.1.3.jar;C:\Program Files\Java\jdk1.8.0_181\jre\..\lib\jconsole.jar;C:\Program Files\Java\jdk1.8.0_181\jre\..\lib\tools.jar;F:\eclipsePHP\apache-maven-3.6.1\maven-repository\org\mybatis\spring\boot\mybatis-spring-boot-starter\2.0.1\mybatis-spring-boot-starter-2.0.1.jar;F:\eclipsePHP\apache-maven-3.6.1\maven-repository\org\springframework\boot\spring-boot-starter-jdbc\2.1.5.RELEASE\spring-boot-starter-jdbc-2.1.5.RELEASE.jar;F:\eclipsePHP\apache-maven-3.6.1\maven-repository\com\zaxxer\HikariCP\3.2.0\HikariCP-3.2.0.jar;F:\eclipsePHP\apache-maven-3.6.1\maven-repository\org\springframework\spring-jdbc\5.1.7.RELEASE\spring-jdbc-5.1.7.RELEASE.jar;F:\eclipsePHP\apache-maven-3.6.1\maven-repository\org\mybatis\spring\boot\mybatis-spring-boot-autoconfigure\2.0.1\mybatis-spring-boot-autoconfigure-2.0.1.jar;F:\eclipsePHP\apache-maven-3.6.1\maven-repository\org\mybatis\mybatis\3.5.1\mybatis-3.5.1.jar;F:\eclipsePHP\apache-maven-3.6.1\maven-repository\org\mybatis\mybatis-spring\2.0.1\mybatis-spring-2.0.1.jar;F:\eclipsePHP\apache-maven-3.6.1\maven-repository\junit\junit\4.11\junit-4.11.jar;F:\eclipsePHP\apache-maven-3.6.1\maven-repository\org\hamcrest\hamcrest-core\1.3\hamcrest-core-1.3.jar;"/>
    <property name="java.vm.vendor" value="Oracle Corporation"/>
    <property name="sun.arch.data.model" value="64"/>
    <property name="user.variant" value=""/>
    <property name="java.vendor.url" value="http://java.oracle.com/"/>
    <property name="user.timezone" value="Asia/Shanghai"/>
    <property name="java.vm.specification.version" value="1.8"/>
    <property name="os.name" value="Windows 10"/>
    <property name="user.country" value="CN"/>
    <property name="sun.java.launcher" value="SUN_STANDARD"/>
    <property name="sun.boot.library.path" value="C:\Program Files\Java\jdk1.8.0_181\jre\bin"/>
    <property name="sun.java.command" value="C:\Users\didi\AppData\Local\Temp\surefire1290687184986506112\surefirebooter1216960664921229942.jar C:\Users\didi\AppData\Local\Temp\surefire1290687184986506112 2019-07-20T11-33-52_895-jvmRun1 surefire5582347920357481460tmp surefire_03433277612588868353tmp"/>
    <property name="surefire.test.class.path" value="D:\Java\idea\muke\muke\target\test-classes;D:\Java\idea\muke\muke\target\classes;F:\eclipsePHP\apache-maven-3.6.1\maven-repository\org\springframework\boot\spring-boot-starter-data-redis\2.1.3.RELEASE\spring-boot-starter-data-redis-2.1.3.RELEASE.jar;F:\eclipsePHP\apache-maven-3.6.1\maven-repository\org\springframework\boot\spring-boot-starter\2.1.5.RELEASE\spring-boot-starter-2.1.5.RELEASE.jar;F:\eclipsePHP\apache-maven-3.6.1\maven-repository\org\springframework\boot\spring-boot-starter-logging\2.1.5.RELEASE\spring-boot-starter-logging-2.1.5.RELEASE.jar;F:\eclipsePHP\apache-maven-3.6.1\maven-repository\ch\qos\logback\logback-classic\1.2.3\logback-classic-1.2.3.jar;F:\eclipsePHP\apache-maven-3.6.1\maven-repository\ch\qos\logback\logback-core\1.2.3\logback-core-1.2.3.jar;F:\eclipsePHP\apache-maven-3.6.1\maven-repository\org\apache\logging\log4j\log4j-to-slf4j\2.11.2\log4j-to-slf4j-2.11.2.jar;F:\eclipsePHP\apache-maven-3.6.1\maven-repository\org\apache\logging\log4j\log4j-api\2.11.2\log4j-api-2.11.2.jar;F:\eclipsePHP\apache-maven-3.6.1\maven-repository\org\slf4j\jul-to-slf4j\1.7.26\jul-to-slf4j-1.7.26.jar;F:\eclipsePHP\apache-maven-3.6.1\maven-repository\javax\annotation\javax.annotation-api\1.3.2\javax.annotation-api-1.3.2.jar;F:\eclipsePHP\apache-maven-3.6.1\maven-repository\org\springframework\spring-core\5.1.7.RELEASE\spring-core-5.1.7.RELEASE.jar;F:\eclipsePHP\apache-maven-3.6.1\maven-repository\org\springframework\spring-jcl\5.1.7.RELEASE\spring-jcl-5.1.7.RELEASE.jar;F:\eclipsePHP\apache-maven-3.6.1\maven-repository\org\yaml\snakeyaml\1.23\snakeyaml-1.23.jar;F:\eclipsePHP\apache-maven-3.6.1\maven-repository\org\springframework\data\spring-data-redis\2.1.8.RELEASE\spring-data-redis-2.1.8.RELEASE.jar;F:\eclipsePHP\apache-maven-3.6.1\maven-repository\org\springframework\data\spring-data-keyvalue\2.1.8.RELEASE\spring-data-keyvalue-2.1.8.RELEASE.jar;F:\eclipsePHP\apache-maven-3.6.1\maven-repository\org\springframework\data\spring-data-commons\2.1.8.RELEASE\spring-data-commons-2.1.8.RELEASE.jar;F:\eclipsePHP\apache-maven-3.6.1\maven-repository\org\springframework\spring-tx\5.1.7.RELEASE\spring-tx-5.1.7.RELEASE.jar;F:\eclipsePHP\apache-maven-3.6.1\maven-repository\org\springframework\spring-oxm\5.1.7.RELEASE\spring-oxm-5.1.7.RELEASE.jar;F:\eclipsePHP\apache-maven-3.6.1\maven-repository\org\springframework\spring-aop\5.1.7.RELEASE\spring-aop-5.1.7.RELEASE.jar;F:\eclipsePHP\apache-maven-3.6.1\maven-repository\org\springframework\spring-context-support\5.1.7.RELEASE\spring-context-support-5.1.7.RELEASE.jar;F:\eclipsePHP\apache-maven-3.6.1\maven-repository\org\slf4j\slf4j-api\1.7.26\slf4j-api-1.7.26.jar;F:\eclipsePHP\apache-maven-3.6.1\maven-repository\io\lettuce\lettuce-core\5.1.6.RELEASE\lettuce-core-5.1.6.RELEASE.jar;F:\eclipsePHP\apache-maven-3.6.1\maven-repository\io\netty\netty-common\4.1.36.Final\netty-common-4.1.36.Final.jar;F:\eclipsePHP\apache-maven-3.6.1\maven-repository\io\netty\netty-handler\4.1.36.Final\netty-handler-4.1.36.Final.jar;F:\eclipsePHP\apache-maven-3.6.1\maven-repository\io\netty\netty-buffer\4.1.36.Final\netty-buffer-4.1.36.Final.jar;F:\eclipsePHP\apache-maven-3.6.1\maven-repository\io\netty\netty-codec\4.1.36.Final\netty-codec-4.1.36.Final.jar;F:\eclipsePHP\apache-maven-3.6.1\maven-repository\io\netty\netty-transport\4.1.36.Final\netty-transport-4.1.36.Final.jar;F:\eclipsePHP\apache-maven-3.6.1\maven-repository\io\netty\netty-resolver\4.1.36.Final\netty-resolver-4.1.36.Final.jar;F:\eclipsePHP\apache-maven-3.6.1\maven-repository\io\projectreactor\reactor-core\3.2.9.RELEASE\reactor-core-3.2.9.RELEASE.jar;F:\eclipsePHP\apache-maven-3.6.1\maven-repository\org\reactivestreams\reactive-streams\1.0.2\reactive-streams-1.0.2.jar;F:\eclipsePHP\apache-maven-3.6.1\maven-repository\org\hibernate\validator\hibernate-validator\6.0.16.Final\hibernate-validator-6.0.16.Final.jar;F:\eclipsePHP\apache-maven-3.6.1\maven-repository\javax\validation\validation-api\2.0.1.Final\validation-api-2.0.1.Final.jar;F:\eclipsePHP\apache-maven-3.6.1\maven-repository\org\jboss\logging\jboss-logging\3.3.2.Final\jboss-logging-3.3.2.Final.jar;F:\eclipsePHP\apache-maven-3.6.1\maven-repository\com\fasterxml\classmate\1.4.0\classmate-1.4.0.jar;F:\eclipsePHP\apache-maven-3.6.1\maven-repository\org\springframework\boot\spring-boot-devtools\2.1.3.RELEASE\spring-boot-devtools-2.1.3.RELEASE.jar;F:\eclipsePHP\apache-maven-3.6.1\maven-repository\org\springframework\boot\spring-boot\2.1.5.RELEASE\spring-boot-2.1.5.RELEASE.jar;F:\eclipsePHP\apache-maven-3.6.1\maven-repository\org\springframework\spring-context\5.1.7.RELEASE\spring-context-5.1.7.RELEASE.jar;F:\eclipsePHP\apache-maven-3.6.1\maven-repository\org\springframework\boot\spring-boot-autoconfigure\2.1.5.RELEASE\spring-boot-autoconfigure-2.1.5.RELEASE.jar;F:\eclipsePHP\apache-maven-3.6.1\maven-repository\org\apache\commons\commons-lang3\3.7\commons-lang3-3.7.jar;F:\eclipsePHP\apache-maven-3.6.1\maven-repository\joda-time\joda-time\2.9.9\joda-time-2.9.9.jar;F:\eclipsePHP\apache-maven-3.6.1\maven-repository\org\springframework\boot\spring-boot-starter-thymeleaf\2.1.5.RELEASE\spring-boot-starter-thymeleaf-2.1.5.RELEASE.jar;F:\eclipsePHP\apache-maven-3.6.1\maven-repository\org\thymeleaf\thymeleaf-spring5\3.0.11.RELEASE\thymeleaf-spring5-3.0.11.RELEASE.jar;F:\eclipsePHP\apache-maven-3.6.1\maven-repository\org\thymeleaf\thymeleaf\3.0.11.RELEASE\thymeleaf-3.0.11.RELEASE.jar;F:\eclipsePHP\apache-maven-3.6.1\maven-repository\org\attoparser\attoparser\2.0.5.RELEASE\attoparser-2.0.5.RELEASE.jar;F:\eclipsePHP\apache-maven-3.6.1\maven-repository\org\unbescape\unbescape\1.1.6.RELEASE\unbescape-1.1.6.RELEASE.jar;F:\eclipsePHP\apache-maven-3.6.1\maven-repository\org\thymeleaf\extras\thymeleaf-extras-java8time\3.0.4.RELEASE\thymeleaf-extras-java8time-3.0.4.RELEASE.jar;F:\eclipsePHP\apache-maven-3.6.1\maven-repository\org\springframework\boot\spring-boot-starter-web\2.1.5.RELEASE\spring-boot-starter-web-2.1.5.RELEASE.jar;F:\eclipsePHP\apache-maven-3.6.1\maven-repository\org\springframework\boot\spring-boot-starter-json\2.1.5.RELEASE\spring-boot-starter-json-2.1.5.RELEASE.jar;F:\eclipsePHP\apache-maven-3.6.1\maven-repository\com\fasterxml\jackson\core\jackson-databind\2.9.8\jackson-databind-2.9.8.jar;F:\eclipsePHP\apache-maven-3.6.1\maven-repository\com\fasterxml\jackson\core\jackson-annotations\2.9.0\jackson-annotations-2.9.0.jar;F:\eclipsePHP\apache-maven-3.6.1\maven-repository\com\fasterxml\jackson\core\jackson-core\2.9.8\jackson-core-2.9.8.jar;F:\eclipsePHP\apache-maven-3.6.1\maven-repository\com\fasterxml\jackson\datatype\jackson-datatype-jdk8\2.9.8\jackson-datatype-jdk8-2.9.8.jar;F:\eclipsePHP\apache-maven-3.6.1\maven-repository\com\fasterxml\jackson\datatype\jackson-datatype-jsr310\2.9.8\jackson-datatype-jsr310-2.9.8.jar;F:\eclipsePHP\apache-maven-3.6.1\maven-repository\com\fasterxml\jackson\module\jackson-module-parameter-names\2.9.8\jackson-module-parameter-names-2.9.8.jar;F:\eclipsePHP\apache-maven-3.6.1\maven-repository\org\springframework\boot\spring-boot-starter-tomcat\2.1.5.RELEASE\spring-boot-starter-tomcat-2.1.5.RELEASE.jar;F:\eclipsePHP\apache-maven-3.6.1\maven-repository\org\apache\tomcat\embed\tomcat-embed-core\9.0.19\tomcat-embed-core-9.0.19.jar;F:\eclipsePHP\apache-maven-3.6.1\maven-repository\org\apache\tomcat\embed\tomcat-embed-el\9.0.19\tomcat-embed-el-9.0.19.jar;F:\eclipsePHP\apache-maven-3.6.1\maven-repository\org\apache\tomcat\embed\tomcat-embed-websocket\9.0.19\tomcat-embed-websocket-9.0.19.jar;F:\eclipsePHP\apache-maven-3.6.1\maven-repository\org\springframework\spring-web\5.1.7.RELEASE\spring-web-5.1.7.RELEASE.jar;F:\eclipsePHP\apache-maven-3.6.1\maven-repository\org\springframework\spring-beans\5.1.7.RELEASE\spring-beans-5.1.7.RELEASE.jar;F:\eclipsePHP\apache-maven-3.6.1\maven-repository\org\springframework\spring-webmvc\5.1.7.RELEASE\spring-webmvc-5.1.7.RELEASE.jar;F:\eclipsePHP\apache-maven-3.6.1\maven-repository\org\springframework\spring-expression\5.1.7.RELEASE\spring-expression-5.1.7.RELEASE.jar;F:\eclipsePHP\apache-maven-3.6.1\maven-repository\mysql\mysql-connector-java\5.1.41\mysql-connector-java-5.1.41.jar;F:\eclipsePHP\apache-maven-3.6.1\maven-repository\com\alibaba\druid\1.1.3\druid-1.1.3.jar;C:\Program Files\Java\jdk1.8.0_181\jre\..\lib\jconsole.jar;C:\Program Files\Java\jdk1.8.0_181\jre\..\lib\tools.jar;F:\eclipsePHP\apache-maven-3.6.1\maven-repository\org\mybatis\spring\boot\mybatis-spring-boot-starter\2.0.1\mybatis-spring-boot-starter-2.0.1.jar;F:\eclipsePHP\apache-maven-3.6.1\maven-repository\org\springframework\boot\spring-boot-starter-jdbc\2.1.5.RELEASE\spring-boot-starter-jdbc-2.1.5.RELEASE.jar;F:\eclipsePHP\apache-maven-3.6.1\maven-repository\com\zaxxer\HikariCP\3.2.0\HikariCP-3.2.0.jar;F:\eclipsePHP\apache-maven-3.6.1\maven-repository\org\springframework\spring-jdbc\5.1.7.RELEASE\spring-jdbc-5.1.7.RELEASE.jar;F:\eclipsePHP\apache-maven-3.6.1\maven-repository\org\mybatis\spring\boot\mybatis-spring-boot-autoconfigure\2.0.1\mybatis-spring-boot-autoconfigure-2.0.1.jar;F:\eclipsePHP\apache-maven-3.6.1\maven-repository\org\mybatis\mybatis\3.5.1\mybatis-3.5.1.jar;F:\eclipsePHP\apache-maven-3.6.1\maven-repository\org\mybatis\mybatis-spring\2.0.1\mybatis-spring-2.0.1.jar;F:\eclipsePHP\apache-maven-3.6.1\maven-repository\junit\junit\4.11\junit-4.11.jar;F:\eclipsePHP\apache-maven-3.6.1\maven-repository\org\hamcrest\hamcrest-core\1.3\hamcrest-core-1.3.jar;"/>
    <property name="sun.cpu.endian" value="little"/>
    <property name="user.home" value="C:\Users\didi"/>
    <property name="user.language" value="zh"/>
    <property name="java.specification.vendor" value="Oracle Corporation"/>
    <property name="java.home" value="C:\Program Files\Java\jdk1.8.0_181\jre"/>
    <property name="basedir" value="D:\Java\idea\muke\muke"/>
    <property name="file.separator" value="\"/>
    <property name="line.separator" value="&#10;"/>
    <property name="java.vm.specification.vendor" value="Oracle Corporation"/>
    <property name="java.specification.name" value="Java Platform API Specification"/>
    <property name="java.awt.graphicsenv" value="sun.awt.Win32GraphicsEnvironment"/>
    <property name="surefire.real.class.path" value="C:\Users\didi\AppData\Local\Temp\surefire1290687184986506112\surefirebooter1216960664921229942.jar"/>
    <property name="sun.boot.class.path" value="C:\Program Files\Java\jdk1.8.0_181\jre\lib\resources.jar;C:\Program Files\Java\jdk1.8.0_181\jre\lib\rt.jar;C:\Program Files\Java\jdk1.8.0_181\jre\lib\sunrsasign.jar;C:\Program Files\Java\jdk1.8.0_181\jre\lib\jsse.jar;C:\Program Files\Java\jdk1.8.0_181\jre\lib\jce.jar;C:\Program Files\Java\jdk1.8.0_181\jre\lib\charsets.jar;C:\Program Files\Java\jdk1.8.0_181\jre\lib\jfr.jar;C:\Program Files\Java\jdk1.8.0_181\jre\classes"/>
    <property name="user.script" value=""/>
    <property name="sun.management.compiler" value="HotSpot 64-Bit Tiered Compilers"/>
    <property name="java.runtime.version" value="1.8.0_181-b13"/>
    <property name="user.name" value="俊哥"/>
    <property name="path.separator" value=";"/>
    <property name="os.version" value="10.0"/>
    <property name="java.endorsed.dirs" value="C:\Program Files\Java\jdk1.8.0_181\jre\lib\endorsed"/>
    <property name="java.runtime.name" value="Java(TM) SE Runtime Environment"/>
    <property name="file.encoding" value="GBK"/>
    <property name="java.vm.name" value="Java HotSpot(TM) 64-Bit Server VM"/>
    <property name="localRepository" value="F:\eclipsePHP\apache-maven-3.6.1\maven-repository"/>
    <property name="java.vendor.url.bug" value="http://bugreport.sun.com/bugreport/"/>
    <property name="java.io.tmpdir" value="C:\Users\didi\AppData\Local\Temp\"/>
    <property name="idea.version" value="2018.3.6"/>
    <property name="java.version" value="1.8.0_181"/>
    <property name="user.dir" value="D:\Java\idea\muke\muke"/>
    <property name="os.arch" value="amd64"/>
    <property name="java.vm.specification.name" value="Java Virtual Machine Specification"/>
    <property name="java.awt.printerjob" value="sun.awt.windows.WPrinterJob"/>
    <property name="sun.os.patch.level" value=""/>
    <property name="java.library.path" value="C:\Program Files\Java\jdk1.8.0_181\jre\bin;C:\WINDOWS\Sun\Java\bin;C:\WINDOWS\system32;C:\WINDOWS;C:\Program Files (x86)\Common Files\Oracle\Java\javapath;F:\phpStudy\MySQL\bin;C:\Program Files (x86)\Intel\iCLS Client\;C:\Program Files\Intel\iCLS Client\;C:\Windows\system32;C:\Windows;C:\Windows\System32\Wbem;C:\Windows\System32\WindowsPowerShell\v1.0\;C:\Program Files (x86)\NVIDIA Corporation\PhysX\Common;C:\Program Files (x86)\Intel\Intel(R) Management Engine Components\DAL;C:\Program Files\Intel\Intel(R) Management Engine Components\DAL;C:\Program Files (x86)\Intel\Intel(R) Management Engine Components\IPT;C:\Program Files\Intel\Intel(R) Management Engine Components\IPT;C:\Program Files\Intel\WiFi\bin\;C:\Program Files\Common Files\Intel\WirelessCommon\;C:\WINDOWS\system32;C:\WINDOWS;C:\WINDOWS\System32\Wbem;C:\WINDOWS\System32\WindowsPowerShell\v1.0\;C:\Program Files (x86)\Microsoft SQL Server\100\Tools\Binn\;C:\Program Files\Microsoft SQL Server\100\Tools\Binn\;C:\Program Files\Microsoft SQL Server\100\DTS\Binn\;C:\Program Files (x86)\Microsoft SQL Server\100\Tools\Binn\VSShell\Common7\IDE\;C:\Program Files (x86)\Microsoft SQL Server\100\DTS\Binn\;C:\Program Files\dotnet\F:\AMP\Apache\apache-tomcat-8.5.34\lib;F:\AMP\Apache\apache-tomcat-8.5.34\bin;C:\Program Files (x86)\Microsoft Visual Studio 9.0\Common7\IDE\PrivateAssemblies\;F:\git\install\Git\cmd;C:\WINDOWS\System32\OpenSSH\;C:\Program Files\Java\jdk1.8.0_181\bin;C:\Program Files\Java\jdk1.8.0_181\jre\bin;F:\nodejs\;F:\火狐\vc6cn\Tools\WinNT;F:\火狐\vc6cn\MSDev98\Bin;F:\火狐\vc6cn\Tools;F:\火狐\VC98\bin;C:\Users\didi\AppData\Local\Microsoft\WindowsApps;F:\eclipsePHP\apache-maven-3.6.1\bin\;F:\SecureShell\install;C:\Users\didi\AppData\Local\BypassRuntm;C:\Users\didi\AppData\Roaming\npm;F:\IDEA\install\IntelliJ IDEA 2018.3.6\bin;;."/>
    <property name="java.vm.info" value="mixed mode"/>
    <property name="java.vendor" value="Oracle Corporation"/>
    <property name="java.vm.version" value="25.181-b13"/>
    <property name="java.ext.dirs" value="C:\Program Files\Java\jdk1.8.0_181\jre\lib\ext;C:\WINDOWS\Sun\Java\lib\ext"/>
    <property name="sun.io.unicode.encoding" value="UnicodeLittle"/>
    <property name="java.class.version" value="52.0"/>
  </properties>
  <testcase name="shouldAnswerWithTrue" classname="com.jun.AppTest" time="0.001"/>
</testsuite>